  GameManager.cpp
  Graphics.cpp
C:\Users\FrOz\Desktop\WinAPI_박성룡\RiskofRainCopy\RiskofRainCopy\Graphics\Graphics.cpp(96,70): warning C4244: '인수': 'INT'에서 'Gdiplus::REAL'(으)로 변환하면서 데이터가 손실될 수 있습니다.
C:\Users\FrOz\Desktop\WinAPI_박성룡\RiskofRainCopy\RiskofRainCopy\Graphics\Graphics.cpp(96,52): warning C4244: '인수': 'INT'에서 'Gdiplus::REAL'(으)로 변환하면서 데이터가 손실될 수 있습니다.
C:\Users\FrOz\Desktop\WinAPI_박성룡\RiskofRainCopy\RiskofRainCopy\Graphics\Graphics.cpp(98,56): warning C4244: '인수': 'int'에서 'Gdiplus::REAL'(으)로 변환하면서 데이터가 손실될 수 있습니다.
C:\Users\FrOz\Desktop\WinAPI_박성룡\RiskofRainCopy\RiskofRainCopy\Graphics\Graphics.cpp(98,20): warning C4244: '인수': 'int'에서 'Gdiplus::REAL'(으)로 변환하면서 데이터가 손실될 수 있습니다.
C:\Users\FrOz\Desktop\WinAPI_박성룡\RiskofRainCopy\RiskofRainCopy\Graphics\Graphics.cpp(97,70): warning C4244: '인수': 'LONG'에서 'Gdiplus::REAL'(으)로 변환하면서 데이터가 손실될 수 있습니다.
C:\Users\FrOz\Desktop\WinAPI_박성룡\RiskofRainCopy\RiskofRainCopy\Graphics\Graphics.cpp(97,15): warning C4244: '인수': 'LONG'에서 'Gdiplus::REAL'(으)로 변환하면서 데이터가 손실될 수 있습니다.
  Map.cpp
  Monster.cpp
  Survivor.cpp
C:\Users\FrOz\Desktop\WinAPI_박성룡\RiskofRainCopy\RiskofRainCopy\Objects\Survivor.cpp(473,69): warning C4474: 'printf_s' : 서식 문자열에 전달된 인수가 너무 많습니다.
C:\Users\FrOz\Desktop\WinAPI_박성룡\RiskofRainCopy\RiskofRainCopy\Objects\Survivor.cpp(473,69): message : 자리 표시자 및 해당 매개 변수에는 variadic 인수가 0개 필요하지만 2개가 제공되었습니다.
  RiskofRainCopy.cpp
  rope.cpp
  UI.cpp
  코드를 생성하고 있습니다.
  Previous IPDB not found, fall back to full compilation.
  All 659 functions were compiled because no usable IPDB/IOBJ from previous compilation was found.
  코드를 생성했습니다.
  RiskofRainCopy.vcxproj -> C:\Users\FrOz\Desktop\WinAPI_박성룡\RiskofRainCopy\Release\RiskofRainCopy.exe
